Build started 12/01/2011 16:59:22.
     1>Project "C:\Users\Kerry\documents\visual studio 2010\Projects\bnf\bnf\bnf.vcxproj" on node 2 (build target(s)).
     1>InitializeBuildStatus:
         Creating "Debug\bnf.unsuccessfulbuild" because "AlwaysCreate" was specified.
       ClCompile:
         All outputs are up-to-date.
         C:\Program Files (x86)\Microsoft Visual Studio 10.0\VC\bin\CL.exe /c /ZI /nologo /W3 /WX- /Od /Oy- /D WIN32 /D _DEBUG /D _CONSOLE /D _UNICODE /D UNICODE /Gm /EHsc /RTC1 /MDd /GS /fp:precise /Zc:wchar_t /Zc:forScope /Yu"StdAfx.h" /Fp"Debug\bnf.pch" /Fo"Debug\\" /Fd"Debug\vc100.pdb" /Gd /TP /analyze- /errorReport:prompt bnf.cpp
         bnf.cpp
     1>c:\users\kerry\documents\visual studio 2010\projects\bnf\bnf\bnf.cpp(30): warning C4996: 'freopen': This function or variable may be unsafe. Consider using freopen_s instead. To disable deprecation, use _CRT_SECURE_NO_WARNINGS. See online help for details.
                 c:\program files (x86)\microsoft visual studio 10.0\vc\include\stdio.h(249) : see declaration of 'freopen'
     1>c:\users\kerry\documents\visual studio 2010\projects\bnf\bnf\bnf.cpp(32): warning C4996: 'freopen': This function or variable may be unsafe. Consider using freopen_s instead. To disable deprecation, use _CRT_SECURE_NO_WARNINGS. See online help for details.
                 c:\program files (x86)\microsoft visual studio 10.0\vc\include\stdio.h(249) : see declaration of 'freopen'
       ManifestResourceCompile:
         All outputs are up-to-date.
       Link:
         C:\Program Files (x86)\Microsoft Visual Studio 10.0\VC\bin\link.exe /ERRORREPORT:PROMPT /OUT:"C:\Users\Kerry\documents\visual studio 2010\Projects\bnf\Debug\bnf.exe" /INCREMENTAL /NOLOGO kernel32.lib user32.lib gdi32.lib winspool.lib comdlg32.lib advapi32.lib shell32.lib ole32.lib oleaut32.lib uuid.lib odbc32.lib odbccp32.lib /MANIFEST /ManifestFile:"Debug\bnf.exe.intermediate.manifest" /MANIFESTUAC:"level='asInvoker' uiAccess='false'" /DEBUG /PDB:"C:\Users\Kerry\documents\visual studio 2010\Projects\bnf\Debug\bnf.pdb" /SUBSYSTEM:CONSOLE /TLBID:1 /DYNAMICBASE /NXCOMPAT /IMPLIB:"C:\Users\Kerry\documents\visual studio 2010\Projects\bnf\Debug\bnf.lib" /MACHINE:X86 Debug\bnf.exe.embed.manifest.res
         Debug\bnf.obj
         Debug\bnf_constructs.obj
         Debug\jsk.obj
         Debug\json_parser.obj
         Debug\jy.obj
         Debug\lexer.obj
         Debug\parser.obj
         Debug\parser_gen.obj
         Debug\set.obj
         Debug\skeleton_gen.obj
         Debug\slist.obj
         Debug\stdafx.obj
         Debug\utility.obj
       Manifest:
         C:\Program Files (x86)\Microsoft SDKs\Windows\v7.0A\bin\mt.exe /nologo /verbose /out:"Debug\bnf.exe.embed.manifest" /manifest Debug\bnf.exe.intermediate.manifest
         All outputs are up-to-date.
       LinkEmbedManifest:
         All outputs are up-to-date.
         bnf.vcxproj -> C:\Users\Kerry\documents\visual studio 2010\Projects\bnf\Debug\bnf.exe
       FinalizeBuildStatus:
         Deleting file "Debug\bnf.unsuccessfulbuild".
         Touching "Debug\bnf.lastbuildstate".
     1>Done Building Project "C:\Users\Kerry\documents\visual studio 2010\Projects\bnf\bnf\bnf.vcxproj" (build target(s)).

Build succeeded.

Time Elapsed 00:00:01.43
